<?xml version="1.0" encoding="UTF-8"?>
<!-- Generated by org.testng.reporters.JUnitReportReporter -->
<testsuite hostname="W-PF1CV0CB" failures="0" tests="2" name="bodyTest.BodyTestWithSimpleMap" time="1.076" errors="0" timestamp="2022-11-09T11:05:58 IST" skipped="0">
  <testcase classname="bodyTest.BodyTestWithSimpleMap" name="getCorrectLogin" time="0.402"/>
  <system-out/>
  <testcase classname="bodyTest.BodyTestWithSimpleMap" name="getCorrectId" time="0.674"/>
  <system-out/>
</testsuite> <!-- bodyTest.BodyTestWithSimpleMap -->
