<?xml version="1.0" encoding="UTF-8"?>
<!-- Generated by org.testng.reporters.JUnitReportReporter -->
<testsuite hostname="W-PF1CV0CB" failures="0" tests="2" name="bodyTest.Unmasking1" time="1.270" errors="0" timestamp="2022-11-09T11:09:25 IST" skipped="0">
  <testcase classname="bodyTest.Unmasking1" name="getCorrectId" time="0.880"/>
  <system-out/>
  <testcase classname="bodyTest.Unmasking1" name="getCorrectLogin" time="0.390"/>
  <system-out/>
</testsuite> <!-- bodyTest.Unmasking1 -->
