<?xml version="1.0" encoding="UTF-8"?>
<!-- Generated by org.testng.reporters.JUnitReportReporter -->
<testsuite hostname="W-PF1CV0CB" failures="0" tests="3" name="responseCodes.Get401" time="1.871" errors="0" timestamp="2022-11-08T13:58:11 IST" skipped="0">
  <testcase classname="responseCodes.Get401" name="get404asReponse" time="0.722"/>
  <system-out/>
  <testcase classname="responseCodes.Get401" name="get404asReponse" time="0.743"/>
  <system-out/>
  <testcase classname="responseCodes.Get401" name="get404asReponse" time="0.406"/>
  <system-out/>
</testsuite> <!-- responseCodes.Get401 -->
