<?xml version="1.0" encoding="UTF-8"?>
<!-- Generated by org.testng.reporters.JUnitReportReporter -->
<testsuite hostname="W-PF1CV0CB" failures="0" tests="3" name="get200" time="2.248" errors="0" timestamp="2022-11-08T11:58:23 IST" skipped="0">
  <testcase classname="get200" name="get200StatusResponse" time="0.357"/>
  <system-out/>
  <testcase classname="get200" name="get200RateLimitResponse" time="0.634"/>
  <system-out/>
  <testcase classname="get200" name="get200SearchResponse" time="1.257"/>
  <system-out/>
</testsuite> <!-- get200 -->
