<?xml version="1.0" encoding="UTF-8"?>
<!-- Generated by org.testng.reporters.JUnitReportReporter -->
<testsuite hostname="W-PF1CV0CB" failures="0" tests="1" name="responseCodes.CheckContentType" time="0.634" errors="0" timestamp="2022-11-08T15:13:48 IST" skipped="0">
  <testcase classname="responseCodes.CheckContentType" name="get404asReponse" time="0.634"/>
  <system-out/>
</testsuite> <!-- responseCodes.CheckContentType -->
