<?xml version="1.0" encoding="UTF-8"?>
<!-- Generated by org.testng.reporters.JUnitReportReporter -->
<testsuite hostname="W-PF1CV0CB" failures="0" tests="1" name="responseCodes.get404" time="0.843" errors="0" timestamp="2022-11-08T12:06:54 IST" skipped="0">
  <testcase classname="responseCodes.get404" name="get404asReponse" time="0.843"/>
  <system-out/>
</testsuite> <!-- responseCodes.get404 -->
