<?xml version="1.0" encoding="UTF-8"?>
<!-- Generated by org.testng.reporters.JUnitReportReporter -->
<testsuite hostname="W-PF1CV0CB" failures="0" tests="1" name="responseCodes.Options204" time="1.002" errors="0" timestamp="2022-11-09T22:05:39 IST" skipped="0">
  <testcase classname="responseCodes.Options204" name="optionsReturnsCorrectMethodsList" time="1.002"/>
  <system-out/>
</testsuite> <!-- responseCodes.Options204 -->
