<?xml version="1.0" encoding="UTF-8"?>
<!-- Generated by org.testng.reporters.JUnitReportReporter -->
<testsuite hostname="W-PF1CV0CB" failures="0" tests="1" name="bodyTest.NestedBodyTestWithJacson" time="0.851" errors="0" timestamp="2022-11-09T12:37:31 IST" skipped="0">
  <testcase classname="bodyTest.NestedBodyTestWithJacson" name="getCorrectLogin" time="0.851"/>
  <system-out/>
</testsuite> <!-- bodyTest.NestedBodyTestWithJacson -->
