<?xml version="1.0" encoding="UTF-8"?>
<!-- Generated by org.testng.reporters.JUnitReportReporter -->
<testsuite hostname="W-PF1CV0CB" failures="0" tests="1" name="responseCodes.getServerName" time="0.890" errors="0" timestamp="2022-11-08T15:35:05 IST" skipped="0">
  <testcase classname="responseCodes.getServerName" name="get404asReponse" time="0.890"/>
  <system-out/>
</testsuite> <!-- responseCodes.getServerName -->
