<?xml version="1.0" encoding="UTF-8"?>
<!-- Generated by org.testng.reporters.JUnitReportReporter -->
<testsuite hostname="W-PF1CV0CB" failures="0" tests="3" name="bodyTest.BodyTestWithJacson" time="2.042" errors="0" timestamp="2022-11-09T11:45:48 IST" skipped="0">
  <testcase classname="bodyTest.BodyTestWithJacson" name="notFoundMessageIsCorrect" time="0.271"/>
  <system-out/>
  <testcase classname="bodyTest.BodyTestWithJacson" name="getCorrectId" time="0.893"/>
  <system-out/>
  <testcase classname="bodyTest.BodyTestWithJacson" name="getCorrectLogin" time="0.878"/>
  <system-out/>
</testsuite> <!-- bodyTest.BodyTestWithJacson -->
